        -:    0:Source:cardtest3.c
        -:    0:Graph:cardtest3.gcno
        -:    0:Data:cardtest3.gcda
        -:    0:Runs:1
        -:    0:Programs:1
        -:    1:#include "dominion.h"
        -:    2:#include "dominion_helpers.h"
        -:    3:#include "rngs.h"
        -:    4:#include <stdio.h>
        -:    5:#include <math.h>
        -:    6:#include <stdlib.h>
        -:    7:#include <string.h>
        -:    8:
        -:    9:
        -:   10:
        -:   11:
        -:   12:// runs the tests
        1:   13:int main () {
        -:   14:    
        -:   15:    //create kingdom cards
        1:   16:    int randomNumber = 1000;
        1:   17:    int kingdomCards[10] = {adventurer, council_room, 
        -:   18:    feast, gardens, mine, remodel, smithy, village, 
        -:   19:    treasure_map, minion};
        1:   20:    int seed = 1500;
        1:   21:    int playerNumber = 2;
        -:   22:    struct gameState gstate;
        -:   23:    struct gameState gstate2;
        -:   24:    int initGame;
        -:   25:    int handCount;
        -:   26:    int i;
        1:   27:    int bonus = 1;
        1:   28:    int player = 0;
        1:   29:    int choice1 = 1;
        1:   30:    int choice2 = 0;
        1:   31:    int choice3 = 0;
        1:   32:    int handPos1 = 0;
        -:   33:
        -:   34:    
        -:   35:    int cardEffect1;
        -:   36:    
        -:   37:    
        1:   38:    memset(&gstate,15,sizeof(struct gameState));
        -:   39:    
        -:   40:    //holds the current game state
        1:   41:    memset(&gstate2,15,sizeof(struct gameState));
        1:   42:    initializeGame(playerNumber, kingdomCards, seed, &gstate);
        1:   43:    initializeGame(playerNumber, kingdomCards, seed, &gstate2);
        -:   44:    //set player0 cards to 0
        1:   45:    gstate.handCount[player] = 1;
        -:   46:    
        -:   47:    //should print out 0
        1:   48:    printf("hand count %i\n", gstate.handCount[player]);
        -:   49:    
        -:   50:    //should increase cards by 3
        1:   51:    cardEffect1 = cardEffect(minion, choice1, choice2, choice3, &gstate, handPos1, &bonus);
        -:   52:    
        -:   53:    //should print out 2
        1:   54:    printf("hand count reduced by 1 %i\n", gstate.handCount[player]);
        1:   55:    printf("Pass handcount reduced by 1!\n");
        -:   56:    //check if any of the cards are treasure
        -:   57:    
        1:   58:    int card = 0;
        -:   59:    int treasure;
        1:   60:    for (i=0; i < gstate.handCount[player]; i++)
        -:   61:    {
        -:   62:        
    #####:   63:        if(gstate.hand[player][i] == copper || gstate.hand[player][i] == silver || gstate.hand[player][i] == gold)
        -:   64:        {
    #####:   65:            treasure++;
        -:   66:        }
        -:   67:    }
        -:   68:    
        -:   69:    int treasure2;
        6:   70:    for (i=0; i < gstate2.handCount[player]; i++)
        -:   71:    {
        -:   72:        
        5:   73:        if(gstate2.hand[player][i] == copper || gstate2.hand[player][i] == silver || gstate2.hand[player][i] == gold)
        -:   74:        {
        4:   75:            treasure2++;
        -:   76:        }
        -:   77:    }    
        -:   78:    
        -:   79:    
        1:   80:    printf("treasure %i\n", treasure);
        -:   81:    
        1:   82:    printf("Original treasure %i\n", treasure2);
        1:   83:    printf("FAIL, treasure should be increased by 2!");    
        1:   84:    printf("Original minion supply: %i\n", gstate2.supplyCount[minion]);
        1:   85:    printf("Updated minion supply: %i\n", gstate.supplyCount[minion]);
        1:   86:    printf("FAIL, minion supply should be reduced\n");
        -:   87:    
       11:   88:    for (i = 0 ; i < 10; i++)
        -:   89:    {
       10:   90:        printf("kingdom cards %i\n", kingdomCards[i]);
        -:   91:    }
        -:   92:    //int smithCard( struct gameState *state, int handPos)
        -:   93:    //int cardEffect(int card, int choice1, int choice2, int choice3, struct gameState *state, int handPos, int *bonus)
        -:   94:    
        -:   95:    
        -:   96:    /*
        -:   97:    //set the deckCount to 0, which should return 0
        -:   98:    gstate.deckCount[player] = 0;
        -:   99:    printf("Should return -1 since deckCount is 0 : %i\n", shuffle(player, &gstate));
        -:  100:    
        -:  101:    gstate.deckCount[player] = 10;
        -:  102:    printf("Should return 0 since the deck count is not 0 : %i\n", shuffle(player, &gstate));
        -:  103:    
        -:  104:    gstate.deckCount[player] = 15;
        -:  105:        printf("Should return 0 since the deck count is not 0 : %i\n", shuffle(player, &gstate));
        -:  106:    
        -:  107:    gstate.deckCount[player] = -2;
        -:  108:    printf("Should return -1 since deckCount is 0 : %i\n", shuffle(player, &gstate)); */
        1:  109:    return 0;
        -:  110:    
        -:  111:}
